2025-06-13 01:57:08 - INFO - Epoch 000/99 | Train Loss: 0.3061 | Train Acc: 0.4701 | Val Loss: 0.6376 | mcc: -0.0793 | Brier: 0.2229 | Bal Acc: 0.4598 | f1_macro: 0.4603 | f1_weighted: 0.6523 | LR: 1.33e-04 | Time: 9.3s
2025-06-13 01:57:08 - INFO - New Best Model saved with val_mcc=-0.0793
2025-06-13 01:57:11 - INFO - Epoch 001/99 | Train Loss: 0.2426 | Train Acc: 0.4733 | Val Loss: 0.6422 | mcc: 0.0500 | Brier: 0.2252 | Bal Acc: 0.5268 | f1_macro: 0.5235 | f1_weighted: 0.6828 | LR: 1.33e-04 | Time: 3.7s
2025-06-13 01:57:15 - INFO - Epoch 002/99 | Train Loss: 0.2135 | Train Acc: 0.5315 | Val Loss: 0.6536 | mcc: 0.0243 | Brier: 0.2307 | Bal Acc: 0.5134 | f1_macro: 0.5091 | f1_weighted: 0.6669 | LR: 1.34e-04 | Time: 3.7s
2025-06-13 01:57:19 - INFO - Epoch 003/99 | Train Loss: 0.2104 | Train Acc: 0.4927 | Val Loss: 0.5832 | mcc: 0.0531 | Brier: 0.1970 | Bal Acc: 0.5179 | f1_macro: 0.5085 | f1_weighted: 0.7212 | LR: 1.34e-04 | Time: 3.6s
2025-06-13 01:57:22 - INFO - Epoch 004/99 | Train Loss: 0.1986 | Train Acc: 0.5396 | Val Loss: 0.6802 | mcc: -0.0429 | Brier: 0.2439 | Bal Acc: 0.4732 | f1_macro: 0.4395 | f1_weighted: 0.5500 | LR: 1.34e-04 | Time: 3.7s
2025-06-13 01:57:26 - INFO - Epoch 005/99 | Train Loss: 0.1954 | Train Acc: 0.5234 | Val Loss: 0.6634 | mcc: -0.0073 | Brier: 0.2354 | Bal Acc: 0.4955 | f1_macro: 0.4728 | f1_weighted: 0.5993 | LR: 1.34e-04 | Time: 3.6s
2025-06-13 01:57:30 - INFO - Epoch 006/99 | Train Loss: 0.1888 | Train Acc: 0.5137 | Val Loss: 0.6437 | mcc: -0.0162 | Brier: 0.2258 | Bal Acc: 0.4911 | f1_macro: 0.4891 | f1_weighted: 0.6533 | LR: 1.35e-04 | Time: 3.7s
2025-06-13 01:57:34 - INFO - Epoch 007/99 | Train Loss: 0.1787 | Train Acc: 0.5073 | Val Loss: 0.6215 | mcc: 0.1634 | Brier: 0.2151 | Bal Acc: 0.5848 | f1_macro: 0.5813 | f1_weighted: 0.7266 | LR: 1.35e-04 | Time: 3.7s
2025-06-13 01:57:34 - INFO - New Best Model saved with val_mcc=0.1634
2025-06-13 01:57:37 - INFO - Epoch 008/99 | Train Loss: 0.1651 | Train Acc: 0.4976 | Val Loss: 0.6044 | mcc: 0.0900 | Brier: 0.2072 | Bal Acc: 0.5402 | f1_macro: 0.5424 | f1_weighted: 0.7208 | LR: 1.36e-04 | Time: 3.9s
2025-06-13 01:57:41 - INFO - Epoch 009/99 | Train Loss: 0.1713 | Train Acc: 0.4701 | Val Loss: 0.6112 | mcc: 0.1581 | Brier: 0.2112 | Bal Acc: 0.5893 | f1_macro: 0.5727 | f1_weighted: 0.7046 | LR: 1.36e-04 | Time: 3.9s
2025-06-13 01:57:45 - INFO - Epoch 010/99 | Train Loss: 0.1605 | Train Acc: 0.4895 | Val Loss: 0.6428 | mcc: 0.1198 | Brier: 0.2265 | Bal Acc: 0.5714 | f1_macro: 0.5432 | f1_weighted: 0.6665 | LR: 1.37e-04 | Time: 3.7s
2025-06-13 01:57:49 - INFO - Epoch 011/99 | Train Loss: 0.1602 | Train Acc: 0.5073 | Val Loss: 0.5889 | mcc: 0.1186 | Brier: 0.2018 | Bal Acc: 0.5670 | f1_macro: 0.5533 | f1_weighted: 0.6911 | LR: 1.38e-04 | Time: 3.7s
2025-06-13 01:57:52 - INFO - Epoch 012/99 | Train Loss: 0.1521 | Train Acc: 0.5299 | Val Loss: 0.6032 | mcc: 0.1620 | Brier: 0.2084 | Bal Acc: 0.5982 | f1_macro: 0.5570 | f1_weighted: 0.6690 | LR: 1.38e-04 | Time: 3.7s
2025-06-13 01:57:56 - INFO - Epoch 013/99 | Train Loss: 0.1483 | Train Acc: 0.5186 | Val Loss: 0.5574 | mcc: 0.1071 | Brier: 0.1877 | Bal Acc: 0.5536 | f1_macro: 0.5536 | f1_weighted: 0.7143 | LR: 1.39e-04 | Time: 3.8s
2025-06-13 01:58:00 - INFO - Epoch 014/99 | Train Loss: 0.1306 | Train Acc: 0.5574 | Val Loss: 0.5702 | mcc: 0.1053 | Brier: 0.1949 | Bal Acc: 0.5580 | f1_macro: 0.5492 | f1_weighted: 0.6941 | LR: 1.40e-04 | Time: 3.7s
2025-06-13 01:58:03 - INFO - Epoch 015/99 | Train Loss: 0.1352 | Train Acc: 0.5638 | Val Loss: 0.6170 | mcc: 0.1316 | Brier: 0.2150 | Bal Acc: 0.5759 | f1_macro: 0.5566 | f1_weighted: 0.6877 | LR: 1.41e-04 | Time: 3.7s
2025-06-13 01:58:07 - INFO - Epoch 016/99 | Train Loss: 0.1141 | Train Acc: 0.5590 | Val Loss: 0.6004 | mcc: 0.1650 | Brier: 0.2058 | Bal Acc: 0.5893 | f1_macro: 0.5801 | f1_weighted: 0.7187 | LR: 1.42e-04 | Time: 3.7s
2025-06-13 01:58:07 - INFO - New Best Model saved with val_mcc=0.1650
2025-06-13 01:58:11 - INFO - Epoch 017/99 | Train Loss: 0.1215 | Train Acc: 0.6268 | Val Loss: 0.6619 | mcc: 0.0449 | Brier: 0.2338 | Bal Acc: 0.5268 | f1_macro: 0.5074 | f1_weighted: 0.6404 | LR: 1.43e-04 | Time: 3.7s
2025-06-13 01:58:15 - INFO - Epoch 018/99 | Train Loss: 0.1175 | Train Acc: 0.6123 | Val Loss: 0.5948 | mcc: 0.0529 | Brier: 0.2030 | Bal Acc: 0.5268 | f1_macro: 0.5264 | f1_weighted: 0.6949 | LR: 1.44e-04 | Time: 3.7s
2025-06-13 01:58:18 - INFO - Epoch 019/99 | Train Loss: 0.1173 | Train Acc: 0.6494 | Val Loss: 0.6346 | mcc: 0.0648 | Brier: 0.2168 | Bal Acc: 0.5357 | f1_macro: 0.5292 | f1_weighted: 0.6805 | LR: 1.45e-04 | Time: 3.7s
2025-06-13 01:58:22 - INFO - Epoch 020/99 | Train Loss: 0.0890 | Train Acc: 0.6995 | Val Loss: 0.7260 | mcc: -0.0074 | Brier: 0.2555 | Bal Acc: 0.4955 | f1_macro: 0.4798 | f1_weighted: 0.6158 | LR: 1.46e-04 | Time: 3.6s
2025-06-13 01:58:26 - INFO - Epoch 021/99 | Train Loss: 0.0896 | Train Acc: 0.7124 | Val Loss: 0.7170 | mcc: 0.0500 | Brier: 0.2332 | Bal Acc: 0.5268 | f1_macro: 0.5235 | f1_weighted: 0.6828 | LR: 1.48e-04 | Time: 3.9s
2025-06-13 01:58:30 - INFO - Epoch 022/99 | Train Loss: 0.0891 | Train Acc: 0.7464 | Val Loss: 0.6978 | mcc: 0.0412 | Brier: 0.2302 | Bal Acc: 0.5223 | f1_macro: 0.5187 | f1_weighted: 0.6775 | LR: 1.49e-04 | Time: 3.9s
2025-06-13 01:58:33 - INFO - Epoch 023/99 | Train Loss: 0.0893 | Train Acc: 0.7060 | Val Loss: 0.7231 | mcc: -0.0086 | Brier: 0.2338 | Bal Acc: 0.4955 | f1_macro: 0.4954 | f1_weighted: 0.6705 | LR: 1.51e-04 | Time: 3.8s
2025-06-13 01:58:37 - INFO - Epoch 024/99 | Train Loss: 0.0730 | Train Acc: 0.7900 | Val Loss: 0.8306 | mcc: 0.0449 | Brier: 0.2713 | Bal Acc: 0.5268 | f1_macro: 0.5074 | f1_weighted: 0.6404 | LR: 1.52e-04 | Time: 3.7s
2025-06-13 01:58:41 - INFO - Epoch 025/99 | Train Loss: 0.0804 | Train Acc: 0.7577 | Val Loss: 0.7172 | mcc: 0.0088 | Brier: 0.2264 | Bal Acc: 0.5045 | f1_macro: 0.5044 | f1_weighted: 0.6807 | LR: 1.53e-04 | Time: 3.7s
2025-06-13 01:58:45 - INFO - Epoch 026/99 | Train Loss: 0.0774 | Train Acc: 0.8255 | Val Loss: 0.7779 | mcc: 0.1316 | Brier: 0.2419 | Bal Acc: 0.5759 | f1_macro: 0.5566 | f1_weighted: 0.6877 | LR: 1.55e-04 | Time: 3.7s
2025-06-13 01:58:48 - INFO - Epoch 027/99 | Train Loss: 0.0760 | Train Acc: 0.7916 | Val Loss: 0.7950 | mcc: 0.0983 | Brier: 0.2579 | Bal Acc: 0.5580 | f1_macro: 0.5356 | f1_weighted: 0.6650 | LR: 1.57e-04 | Time: 3.8s
2025-06-13 01:58:52 - INFO - Epoch 028/99 | Train Loss: 0.0652 | Train Acc: 0.8239 | Val Loss: 0.7489 | mcc: 0.0964 | Brier: 0.2330 | Bal Acc: 0.5536 | f1_macro: 0.5440 | f1_weighted: 0.6886 | LR: 1.58e-04 | Time: 3.7s
2025-06-13 01:58:56 - INFO - Epoch 029/99 | Train Loss: 0.0562 | Train Acc: 0.8223 | Val Loss: 0.7772 | mcc: 0.1144 | Brier: 0.2338 | Bal Acc: 0.5625 | f1_macro: 0.5544 | f1_weighted: 0.6995 | LR: 1.60e-04 | Time: 3.7s
2025-06-13 01:58:59 - INFO - Epoch 030/99 | Train Loss: 0.0620 | Train Acc: 0.8271 | Val Loss: 0.7507 | mcc: 0.1204 | Brier: 0.2176 | Bal Acc: 0.5625 | f1_macro: 0.5598 | f1_weighted: 0.7126 | LR: 1.62e-04 | Time: 3.6s
2025-06-13 01:59:03 - INFO - Epoch 031/99 | Train Loss: 0.0670 | Train Acc: 0.8142 | Val Loss: 0.7734 | mcc: 0.1010 | Brier: 0.2245 | Bal Acc: 0.5536 | f1_macro: 0.5494 | f1_weighted: 0.7019 | LR: 1.64e-04 | Time: 3.7s
2025-06-13 01:59:07 - INFO - Epoch 032/99 | Train Loss: 0.0553 | Train Acc: 0.8433 | Val Loss: 0.8433 | mcc: 0.0168 | Brier: 0.2506 | Bal Acc: 0.5089 | f1_macro: 0.5074 | f1_weighted: 0.6742 | LR: 1.66e-04 | Time: 3.7s
2025-06-13 01:59:10 - INFO - Epoch 033/99 | Train Loss: 0.0363 | Train Acc: 0.8821 | Val Loss: 0.7884 | mcc: 0.0400 | Brier: 0.2147 | Bal Acc: 0.5179 | f1_macro: 0.5176 | f1_weighted: 0.7058 | LR: 1.68e-04 | Time: 3.6s
2025-06-13 01:59:14 - INFO - Epoch 034/99 | Train Loss: 0.0537 | Train Acc: 0.8805 | Val Loss: 0.8600 | mcc: 0.1237 | Brier: 0.2383 | Bal Acc: 0.5670 | f1_macro: 0.5597 | f1_weighted: 0.7050 | LR: 1.70e-04 | Time: 3.9s
2025-06-13 01:59:18 - INFO - Epoch 035/99 | Train Loss: 0.0403 | Train Acc: 0.8756 | Val Loss: 0.8729 | mcc: 0.0344 | Brier: 0.2460 | Bal Acc: 0.5179 | f1_macro: 0.5168 | f1_weighted: 0.6846 | LR: 1.72e-04 | Time: 3.7s
2025-06-13 01:59:22 - INFO - Epoch 036/99 | Train Loss: 0.0420 | Train Acc: 0.9015 | Val Loss: 0.9431 | mcc: 0.1275 | Brier: 0.2709 | Bal Acc: 0.5714 | f1_macro: 0.5585 | f1_weighted: 0.6967 | LR: 1.74e-04 | Time: 3.7s
2025-06-13 01:59:25 - INFO - Epoch 037/99 | Train Loss: 0.0436 | Train Acc: 0.8837 | Val Loss: 0.8765 | mcc: 0.0529 | Brier: 0.2313 | Bal Acc: 0.5268 | f1_macro: 0.5264 | f1_weighted: 0.6949 | LR: 1.76e-04 | Time: 3.8s
2025-06-13 01:59:29 - INFO - Epoch 038/99 | Train Loss: 0.0375 | Train Acc: 0.8982 | Val Loss: 0.8994 | mcc: 0.0000 | Brier: 0.2563 | Bal Acc: 0.5000 | f1_macro: 0.4998 | f1_weighted: 0.6756 | LR: 1.79e-04 | Time: 3.6s
2025-06-13 01:59:33 - INFO - Epoch 039/99 | Train Loss: 0.0242 | Train Acc: 0.9225 | Val Loss: 0.8778 | mcc: -0.0510 | Brier: 0.2229 | Bal Acc: 0.4777 | f1_macro: 0.4720 | f1_weighted: 0.6802 | LR: 1.81e-04 | Time: 3.7s
2025-06-13 01:59:36 - INFO - Epoch 040/99 | Train Loss: 0.0279 | Train Acc: 0.9321 | Val Loss: 0.9619 | mcc: 0.0104 | Brier: 0.2362 | Bal Acc: 0.5045 | f1_macro: 0.5014 | f1_weighted: 0.7001 | LR: 1.83e-04 | Time: 3.6s
2025-06-13 01:59:40 - INFO - Epoch 041/99 | Train Loss: 0.0339 | Train Acc: 0.9321 | Val Loss: 0.9846 | mcc: 0.0529 | Brier: 0.2519 | Bal Acc: 0.5268 | f1_macro: 0.5264 | f1_weighted: 0.6949 | LR: 1.86e-04 | Time: 3.7s
2025-06-13 01:59:44 - INFO - Epoch 042/99 | Train Loss: 0.0362 | Train Acc: 0.9386 | Val Loss: 0.9637 | mcc: -0.0750 | Brier: 0.2625 | Bal Acc: 0.4598 | f1_macro: 0.4614 | f1_weighted: 0.6414 | LR: 1.88e-04 | Time: 3.7s
2025-06-13 01:59:48 - INFO - Epoch 043/99 | Train Loss: 0.0266 | Train Acc: 0.9192 | Val Loss: 0.9726 | mcc: 0.0569 | Brier: 0.2338 | Bal Acc: 0.5268 | f1_macro: 0.5277 | f1_weighted: 0.7058 | LR: 1.91e-04 | Time: 3.8s
2025-06-13 01:59:51 - INFO - Epoch 044/99 | Train Loss: 0.0398 | Train Acc: 0.9418 | Val Loss: 0.9816 | mcc: 0.0095 | Brier: 0.2402 | Bal Acc: 0.5045 | f1_macro: 0.5040 | f1_weighted: 0.6911 | LR: 1.94e-04 | Time: 3.7s
2025-06-13 01:59:55 - INFO - Epoch 045/99 | Train Loss: 0.0148 | Train Acc: 0.9532 | Val Loss: 0.9534 | mcc: 0.0785 | Brier: 0.2251 | Bal Acc: 0.5357 | f1_macro: 0.5374 | f1_weighted: 0.7158 | LR: 1.96e-04 | Time: 3.8s
2025-06-13 01:59:59 - INFO - Epoch 046/99 | Train Loss: 0.0186 | Train Acc: 0.9483 | Val Loss: 1.0090 | mcc: 0.1177 | Brier: 0.2348 | Bal Acc: 0.5580 | f1_macro: 0.5588 | f1_weighted: 0.7195 | LR: 1.99e-04 | Time: 3.7s
2025-06-13 02:00:02 - INFO - Epoch 047/99 | Train Loss: 0.0198 | Train Acc: 0.9499 | Val Loss: 1.0559 | mcc: 0.0000 | Brier: 0.2511 | Bal Acc: 0.5000 | f1_macro: 0.4996 | f1_weighted: 0.6862 | LR: 2.02e-04 | Time: 3.7s
2025-06-13 02:00:06 - INFO - Epoch 048/99 | Train Loss: 0.0114 | Train Acc: 0.9564 | Val Loss: 1.1695 | mcc: 0.0000 | Brier: 0.2607 | Bal Acc: 0.5000 | f1_macro: 0.4971 | f1_weighted: 0.6954 | LR: 2.05e-04 | Time: 3.9s
2025-06-13 02:00:10 - INFO - Epoch 049/99 | Train Loss: 0.0270 | Train Acc: 0.9515 | Val Loss: 1.1123 | mcc: 0.0747 | Brier: 0.2385 | Bal Acc: 0.5312 | f1_macro: 0.5318 | f1_weighted: 0.7204 | LR: 2.08e-04 | Time: 3.8s
2025-06-13 02:00:14 - INFO - Epoch 050/99 | Train Loss: 0.0275 | Train Acc: 0.9435 | Val Loss: 1.0756 | mcc: -0.0100 | Brier: 0.2449 | Bal Acc: 0.4955 | f1_macro: 0.4929 | f1_weighted: 0.6907 | LR: 2.11e-04 | Time: 3.6s
2025-06-13 02:00:17 - INFO - Epoch 051/99 | Train Loss: 0.0140 | Train Acc: 0.9645 | Val Loss: 1.1013 | mcc: -0.0353 | Brier: 0.2585 | Bal Acc: 0.4821 | f1_macro: 0.4823 | f1_weighted: 0.6665 | LR: 2.14e-04 | Time: 3.8s
2025-06-13 02:00:21 - INFO - Epoch 052/99 | Train Loss: 0.0062 | Train Acc: 0.9822 | Val Loss: 1.1223 | mcc: 0.0000 | Brier: 0.2527 | Bal Acc: 0.5000 | f1_macro: 0.4998 | f1_weighted: 0.6756 | LR: 2.17e-04 | Time: 3.7s
2025-06-13 02:00:25 - INFO - Epoch 053/99 | Train Loss: 0.0097 | Train Acc: 0.9758 | Val Loss: 1.3069 | mcc: -0.0600 | Brier: 0.2651 | Bal Acc: 0.4732 | f1_macro: 0.4682 | f1_weighted: 0.6756 | LR: 2.20e-04 | Time: 3.6s
2025-06-13 02:00:29 - INFO - Epoch 054/99 | Train Loss: 0.0137 | Train Acc: 0.9693 | Val Loss: 1.2862 | mcc: -0.0687 | Brier: 0.2767 | Bal Acc: 0.4688 | f1_macro: 0.4643 | f1_weighted: 0.6710 | LR: 2.23e-04 | Time: 3.7s
2025-06-13 02:00:32 - INFO - Epoch 055/99 | Train Loss: 0.0166 | Train Acc: 0.9742 | Val Loss: 1.1587 | mcc: -0.0417 | Brier: 0.2456 | Bal Acc: 0.4821 | f1_macro: 0.4758 | f1_weighted: 0.6848 | LR: 2.26e-04 | Time: 3.7s
2025-06-13 02:00:36 - INFO - Epoch 056/99 | Train Loss: 0.0160 | Train Acc: 0.9677 | Val Loss: 1.0462 | mcc: 0.0213 | Brier: 0.2224 | Bal Acc: 0.5089 | f1_macro: 0.5058 | f1_weighted: 0.7049 | LR: 2.30e-04 | Time: 3.7s
2025-06-13 02:00:40 - INFO - Epoch 057/99 | Train Loss: 0.0265 | Train Acc: 0.9677 | Val Loss: 1.2152 | mcc: -0.0289 | Brier: 0.2554 | Bal Acc: 0.4866 | f1_macro: 0.4845 | f1_weighted: 0.6812 | LR: 2.33e-04 | Time: 3.7s
2025-06-13 02:00:43 - INFO - Epoch 058/99 | Train Loss: 0.0225 | Train Acc: 0.9661 | Val Loss: 1.4102 | mcc: 0.1065 | Brier: 0.3190 | Bal Acc: 0.5625 | f1_macro: 0.5408 | f1_weighted: 0.6707 | LR: 2.36e-04 | Time: 3.7s
2025-06-13 02:00:47 - INFO - Epoch 059/99 | Train Loss: 0.0211 | Train Acc: 0.9612 | Val Loss: 1.3286 | mcc: 0.0562 | Brier: 0.3031 | Bal Acc: 0.5312 | f1_macro: 0.5242 | f1_weighted: 0.6751 | LR: 2.40e-04 | Time: 3.7s
2025-06-13 02:00:51 - INFO - Epoch 060/99 | Train Loss: 0.0155 | Train Acc: 0.9661 | Val Loss: 1.2433 | mcc: 0.0367 | Brier: 0.2603 | Bal Acc: 0.5179 | f1_macro: 0.5182 | f1_weighted: 0.6958 | LR: 2.43e-04 | Time: 3.7s
2025-06-13 02:00:54 - INFO - Epoch 061/99 | Train Loss: 0.0269 | Train Acc: 0.9499 | Val Loss: 1.2669 | mcc: 0.0000 | Brier: 0.2449 | Bal Acc: 0.5000 | f1_macro: 0.4971 | f1_weighted: 0.6954 | LR: 2.47e-04 | Time: 3.8s
2025-06-13 02:00:58 - INFO - Epoch 062/99 | Train Loss: 0.0214 | Train Acc: 0.9645 | Val Loss: 1.2228 | mcc: -0.0369 | Brier: 0.2273 | Bal Acc: 0.4866 | f1_macro: 0.4714 | f1_weighted: 0.6957 | LR: 2.51e-04 | Time: 3.7s
2025-06-13 02:01:02 - INFO - Epoch 063/99 | Train Loss: 0.0206 | Train Acc: 0.9742 | Val Loss: 1.3712 | mcc: 0.0462 | Brier: 0.3164 | Bal Acc: 0.5268 | f1_macro: 0.5139 | f1_weighted: 0.6556 | LR: 2.54e-04 | Time: 3.8s
2025-06-13 02:01:06 - INFO - Epoch 064/99 | Train Loss: 0.0120 | Train Acc: 0.9742 | Val Loss: 1.2554 | mcc: -0.0674 | Brier: 0.2535 | Bal Acc: 0.4732 | f1_macro: 0.4607 | f1_weighted: 0.6826 | LR: 2.58e-04 | Time: 3.8s
2025-06-13 02:01:09 - INFO - Epoch 065/99 | Train Loss: 0.0108 | Train Acc: 0.9822 | Val Loss: 1.2271 | mcc: -0.0771 | Brier: 0.2649 | Bal Acc: 0.4643 | f1_macro: 0.4606 | f1_weighted: 0.6663 | LR: 2.62e-04 | Time: 3.6s
2025-06-13 02:01:13 - INFO - Epoch 066/99 | Train Loss: 0.0179 | Train Acc: 0.9677 | Val Loss: 1.0380 | mcc: 0.0747 | Brier: 0.2174 | Bal Acc: 0.5312 | f1_macro: 0.5318 | f1_weighted: 0.7204 | LR: 2.66e-04 | Time: 3.7s
2025-06-13 02:01:17 - INFO - Epoch 067/99 | Train Loss: 0.0211 | Train Acc: 0.9709 | Val Loss: 1.0923 | mcc: -0.0112 | Brier: 0.2256 | Bal Acc: 0.4955 | f1_macro: 0.4877 | f1_weighted: 0.6985 | LR: 2.70e-04 | Time: 3.7s
2025-06-13 02:01:21 - INFO - Epoch 068/99 | Train Loss: 0.0122 | Train Acc: 0.9774 | Val Loss: 1.2412 | mcc: -0.0714 | Brier: 0.2838 | Bal Acc: 0.4643 | f1_macro: 0.4643 | f1_weighted: 0.6571 | LR: 2.74e-04 | Time: 3.6s
2025-06-13 02:01:24 - INFO - Epoch 069/99 | Train Loss: 0.0179 | Train Acc: 0.9774 | Val Loss: 1.1716 | mcc: 0.0104 | Brier: 0.2426 | Bal Acc: 0.5045 | f1_macro: 0.5014 | f1_weighted: 0.7001 | LR: 2.78e-04 | Time: 3.7s
2025-06-13 02:01:28 - INFO - Epoch 070/99 | Train Loss: 0.0125 | Train Acc: 0.9758 | Val Loss: 1.3312 | mcc: -0.0634 | Brier: 0.2878 | Bal Acc: 0.4688 | f1_macro: 0.4683 | f1_weighted: 0.6620 | LR: 2.82e-04 | Time: 3.6s
2025-06-13 02:01:32 - INFO - Epoch 071/99 | Train Loss: 0.0062 | Train Acc: 0.9774 | Val Loss: 1.2490 | mcc: 0.0000 | Brier: 0.2572 | Bal Acc: 0.5000 | f1_macro: 0.4971 | f1_weighted: 0.6954 | LR: 2.86e-04 | Time: 3.7s
2025-06-13 02:01:35 - INFO - Epoch 072/99 | Train Loss: 0.0172 | Train Acc: 0.9742 | Val Loss: 1.3247 | mcc: -0.0600 | Brier: 0.2698 | Bal Acc: 0.4732 | f1_macro: 0.4682 | f1_weighted: 0.6756 | LR: 2.90e-04 | Time: 3.7s
2025-06-13 02:01:39 - INFO - Epoch 073/99 | Train Loss: 0.0220 | Train Acc: 0.9806 | Val Loss: 1.3890 | mcc: 0.0088 | Brier: 0.2968 | Bal Acc: 0.5045 | f1_macro: 0.5044 | f1_weighted: 0.6807 | LR: 2.94e-04 | Time: 3.6s
2025-06-13 02:01:43 - INFO - Epoch 074/99 | Train Loss: 0.0182 | Train Acc: 0.9645 | Val Loss: 1.1066 | mcc: 0.1010 | Brier: 0.2120 | Bal Acc: 0.5402 | f1_macro: 0.5416 | f1_weighted: 0.7302 | LR: 2.99e-04 | Time: 3.8s
2025-06-13 02:01:46 - INFO - Epoch 075/99 | Train Loss: 0.0083 | Train Acc: 0.9887 | Val Loss: 1.1189 | mcc: 0.1042 | Brier: 0.2405 | Bal Acc: 0.5491 | f1_macro: 0.5513 | f1_weighted: 0.7205 | LR: 3.03e-04 | Time: 3.7s
2025-06-13 02:01:50 - INFO - Epoch 076/99 | Train Loss: 0.0086 | Train Acc: 0.9790 | Val Loss: 1.3227 | mcc: -0.0379 | Brier: 0.2709 | Bal Acc: 0.4821 | f1_macro: 0.4804 | f1_weighted: 0.6764 | LR: 3.08e-04 | Time: 3.7s
2025-06-13 02:01:54 - INFO - Epoch 077/99 | Train Loss: 0.0052 | Train Acc: 0.9822 | Val Loss: 1.1538 | mcc: 0.0626 | Brier: 0.2226 | Bal Acc: 0.5268 | f1_macro: 0.5270 | f1_weighted: 0.7155 | LR: 3.12e-04 | Time: 3.7s
2025-06-13 02:01:58 - INFO - Epoch 078/99 | Train Loss: 0.0164 | Train Acc: 0.9774 | Val Loss: 1.3240 | mcc: 0.1157 | Brier: 0.2441 | Bal Acc: 0.5536 | f1_macro: 0.5565 | f1_weighted: 0.7256 | LR: 3.17e-04 | Time: 3.8s
2025-06-13 02:02:02 - INFO - Epoch 079/99 | Train Loss: 0.0176 | Train Acc: 0.9725 | Val Loss: 1.3228 | mcc: 0.0747 | Brier: 0.2408 | Bal Acc: 0.5312 | f1_macro: 0.5318 | f1_weighted: 0.7204 | LR: 3.21e-04 | Time: 3.9s
2025-06-13 02:02:05 - INFO - Epoch 080/99 | Train Loss: 0.0273 | Train Acc: 0.9742 | Val Loss: 1.2967 | mcc: 0.0625 | Brier: 0.2617 | Bal Acc: 0.5312 | f1_macro: 0.5312 | f1_weighted: 0.7000 | LR: 3.26e-04 | Time: 3.7s
2025-06-13 02:02:09 - INFO - Epoch 081/99 | Train Loss: 0.0229 | Train Acc: 0.9693 | Val Loss: 1.4047 | mcc: -0.0333 | Brier: 0.3195 | Bal Acc: 0.4821 | f1_macro: 0.4821 | f1_weighted: 0.6552 | LR: 3.30e-04 | Time: 3.7s
2025-06-13 02:02:13 - INFO - Epoch 082/99 | Train Loss: 0.0167 | Train Acc: 0.9661 | Val Loss: 1.2808 | mcc: -0.0714 | Brier: 0.2884 | Bal Acc: 0.4643 | f1_macro: 0.4643 | f1_weighted: 0.6571 | LR: 3.35e-04 | Time: 3.8s
2025-06-13 02:02:16 - INFO - Epoch 083/99 | Train Loss: 0.0179 | Train Acc: 0.9774 | Val Loss: 1.5108 | mcc: -0.0836 | Brier: 0.3527 | Bal Acc: 0.4509 | f1_macro: 0.4490 | f1_weighted: 0.6048 | LR: 3.40e-04 | Time: 3.6s
2025-06-13 02:02:20 - INFO - Epoch 084/99 | Train Loss: 0.0364 | Train Acc: 0.9548 | Val Loss: 1.2232 | mcc: -0.0100 | Brier: 0.2616 | Bal Acc: 0.4955 | f1_macro: 0.4929 | f1_weighted: 0.6907 | LR: 3.45e-04 | Time: 3.6s
2025-06-13 02:02:24 - INFO - Epoch 085/99 | Train Loss: 0.0224 | Train Acc: 0.9580 | Val Loss: 1.0837 | mcc: 0.0367 | Brier: 0.2452 | Bal Acc: 0.5179 | f1_macro: 0.5182 | f1_weighted: 0.6958 | LR: 3.50e-04 | Time: 3.6s
2025-06-13 02:02:27 - INFO - Epoch 086/99 | Train Loss: 0.0150 | Train Acc: 0.9612 | Val Loss: 1.1797 | mcc: 0.0000 | Brier: 0.2398 | Bal Acc: 0.5000 | f1_macro: 0.4971 | f1_weighted: 0.6954 | LR: 3.55e-04 | Time: 3.7s
2025-06-13 02:02:31 - INFO - Epoch 087/99 | Train Loss: 0.0167 | Train Acc: 0.9758 | Val Loss: 1.3610 | mcc: -0.0551 | Brier: 0.2806 | Bal Acc: 0.4732 | f1_macro: 0.4723 | f1_weighted: 0.6668 | LR: 3.60e-04 | Time: 3.9s
2025-06-13 02:02:35 - INFO - Epoch 088/99 | Train Loss: 0.0148 | Train Acc: 0.9838 | Val Loss: 1.3859 | mcc: -0.0219 | Brier: 0.2643 | Bal Acc: 0.4911 | f1_macro: 0.4837 | f1_weighted: 0.6939 | LR: 3.65e-04 | Time: 3.6s
2025-06-13 02:02:39 - INFO - Epoch 089/99 | Train Loss: 0.0165 | Train Acc: 0.9725 | Val Loss: 1.2052 | mcc: 0.0246 | Brier: 0.2331 | Bal Acc: 0.5089 | f1_macro: 0.4999 | f1_weighted: 0.7121 | LR: 3.70e-04 | Time: 3.8s
2025-06-13 02:02:42 - INFO - Epoch 090/99 | Train Loss: 0.0039 | Train Acc: 0.9855 | Val Loss: 1.4006 | mcc: 0.0367 | Brier: 0.2736 | Bal Acc: 0.5179 | f1_macro: 0.5182 | f1_weighted: 0.6958 | LR: 3.75e-04 | Time: 3.7s
2025-06-13 02:02:46 - INFO - Epoch 091/99 | Train Loss: 0.0342 | Train Acc: 0.9693 | Val Loss: 1.1755 | mcc: -0.0320 | Brier: 0.2496 | Bal Acc: 0.4866 | f1_macro: 0.4797 | f1_weighted: 0.6893 | LR: 3.80e-04 | Time: 3.8s
2025-06-13 02:02:50 - INFO - Epoch 092/99 | Train Loss: 0.0165 | Train Acc: 0.9871 | Val Loss: 1.3808 | mcc: 0.0000 | Brier: 0.3005 | Bal Acc: 0.5000 | f1_macro: 0.4982 | f1_weighted: 0.6638 | LR: 3.85e-04 | Time: 3.7s
2025-06-13 02:02:54 - INFO - Epoch 093/99 | Train Loss: 0.0108 | Train Acc: 0.9742 | Val Loss: 1.0860 | mcc: -0.0219 | Brier: 0.2355 | Bal Acc: 0.4911 | f1_macro: 0.4837 | f1_weighted: 0.6939 | LR: 3.91e-04 | Time: 3.7s
2025-06-13 02:02:57 - INFO - Epoch 094/99 | Train Loss: 0.0131 | Train Acc: 0.9822 | Val Loss: 1.1740 | mcc: 0.0569 | Brier: 0.2484 | Bal Acc: 0.5268 | f1_macro: 0.5277 | f1_weighted: 0.7058 | LR: 3.96e-04 | Time: 3.7s
2025-06-13 02:03:01 - INFO - Epoch 095/99 | Train Loss: 0.0121 | Train Acc: 0.9838 | Val Loss: 1.2143 | mcc: 0.0774 | Brier: 0.2671 | Bal Acc: 0.5402 | f1_macro: 0.5383 | f1_weighted: 0.6986 | LR: 4.01e-04 | Time: 3.7s
2025-06-13 02:03:05 - INFO - Epoch 096/99 | Train Loss: 0.0202 | Train Acc: 0.9774 | Val Loss: 1.1994 | mcc: -0.0417 | Brier: 0.2566 | Bal Acc: 0.4821 | f1_macro: 0.4758 | f1_weighted: 0.6848 | LR: 4.07e-04 | Time: 3.7s
2025-06-13 02:03:09 - INFO - Epoch 097/99 | Train Loss: 0.0206 | Train Acc: 0.9822 | Val Loss: 1.1058 | mcc: -0.0320 | Brier: 0.2523 | Bal Acc: 0.4866 | f1_macro: 0.4797 | f1_weighted: 0.6893 | LR: 4.12e-04 | Time: 3.9s
2025-06-13 02:03:12 - INFO - Epoch 098/99 | Train Loss: 0.0058 | Train Acc: 0.9838 | Val Loss: 1.2037 | mcc: -0.0196 | Brier: 0.2594 | Bal Acc: 0.4911 | f1_macro: 0.4887 | f1_weighted: 0.6859 | LR: 4.18e-04 | Time: 3.7s
2025-06-13 02:03:16 - INFO - Epoch 099/99 | Train Loss: 0.0049 | Train Acc: 0.9887 | Val Loss: 1.1802 | mcc: 0.0400 | Brier: 0.2437 | Bal Acc: 0.5179 | f1_macro: 0.5176 | f1_weighted: 0.7058 | LR: 4.23e-04 | Time: 3.7s
2025-06-13 02:03:16 - INFO - 📥 Loaded best model from epoch 16 with metric 0.1650
2025-06-13 02:03:20 - INFO - Best threshold on val: 0.51 (bal_acc=0.607)
2025-06-13 02:03:23 - INFO - === FINAL TEST RESULTS - thr: 0.51 ===
2025-06-13 02:03:23 - INFO - accuracy            : 0.6788
2025-06-13 02:03:23 - INFO - balanced_accuracy   : 0.5345
2025-06-13 02:03:23 - INFO - roc_auc             : 0.5865
2025-06-13 02:03:23 - INFO - precision           : 0.8173
2025-06-13 02:03:23 - INFO - recall              : 0.7727
2025-06-13 02:03:23 - INFO - mcc                 : 0.0642
2025-06-13 02:03:23 - INFO - kappa               : 0.0637
2025-06-13 02:03:23 - INFO - brier               : 0.1879
2025-06-13 02:03:23 - INFO - f1                  : 0.7944
2025-06-13 02:03:23 - INFO - f1_macro            : 0.5305
2025-06-13 02:03:23 - INFO - f1_weighted         : 0.6904
2025-06-13 02:03:23 - INFO - 'conf_matrix': [[ 8 19]
 [25 85]]
